2025-10-30 11:03:59.628 
Warning: the config option 'server.enableCORS=false' is not compatible with
'server.enableXsrfProtection=true'.
As a result, 'server.enableCORS' is being overridden to 'true'.

More information:
In order to protect against CSRF attacks, we send a cookie with each request.
To do so, we must specify allowable origins, which places a restriction on
cross-origin resource sharing.

If cross origin resource sharing is required, please disable server.enableXsrfProtection.
            

  You can now view your Streamlit app in your browser.

  URL: http://0.0.0.0:8501/bot

Cannot set gray non-stroke color because /'P1' is an invalid float value
Cannot set gray non-stroke color because /'P1' is an invalid float value
Cannot set gray non-stroke color because /'P1' is an invalid float value
Cannot set gray non-stroke color because /'P2' is an invalid float value
Cannot set gray non-stroke color because /'P1' is an invalid float value
Cannot set gray non-stroke color because /'P2' is an invalid float value
Cannot set gray non-stroke color because /'P1' is an invalid float value
Cannot set gray non-stroke color because /'P2' is an invalid float value
Cannot set gray non-stroke color because /'P1' is an invalid float value
Cannot set gray non-stroke color because /'P2' is an invalid float value
Cannot set gray non-stroke color because /'P1' is an invalid float value
Cannot set gray non-stroke color because /'P2' is an invalid float value
Cannot set gray non-stroke color because /'P1' is an invalid float value
Cannot set gray non-stroke color because /'P2' is an invalid float value
Cannot set gray non-stroke color because /'P1' is an invalid float value
Cannot set gray non-stroke color because /'P2' is an invalid float value
Cannot set gray non-stroke color because /'P1' is an invalid float value
Cannot set gray non-stroke color because /'P2' is an invalid float value
Cannot set gray non-stroke color because /'P1' is an invalid float value
Cannot set gray non-stroke color because /'P2' is an invalid float value
Cannot set gray non-stroke color because /'P1' is an invalid float value
Cannot set gray non-stroke color because /'P2' is an invalid float value
Cannot set gray non-stroke color because /'P1' is an invalid float value
Cannot set gray non-stroke color because /'P2' is an invalid float value
Cannot set gray non-stroke color because /'P1' is an invalid float value
Cannot set gray non-stroke color because /'P2' is an invalid float value
Cannot set gray non-stroke color because /'P1' is an invalid float value
Cannot set gray non-stroke color because /'P2' is an invalid float value
Cannot set gray non-stroke color because /'P1' is an invalid float value
Cannot set gray non-stroke color because /'P2' is an invalid float value
Cannot set gray non-stroke color because /'P1' is an invalid float value
Cannot set gray non-stroke color because /'P2' is an invalid float value
Cannot set gray non-stroke color because /'P1' is an invalid float value
Cannot set gray non-stroke color because /'P2' is an invalid float value
Cannot set gray non-stroke color because /'P1' is an invalid float value
Cannot set gray non-stroke color because /'P2' is an invalid float value
Cannot set gray non-stroke color because /'P1' is an invalid float value
Cannot set gray non-stroke color because /'P2' is an invalid float value
Cannot set gray non-stroke color because /'P1' is an invalid float value
Cannot set gray non-stroke color because /'P2' is an invalid float value
Cannot set gray non-stroke color because /'P1' is an invalid float value
Cannot set gray non-stroke color because /'P2' is an invalid float value
Cannot set gray non-stroke color because /'P1' is an invalid float value
Cannot set gray non-stroke color because /'P2' is an invalid float value
Cannot set gray non-stroke color because /'P1' is an invalid float value
Cannot set gray non-stroke color because /'P2' is an invalid float value
Cannot set gray non-stroke color because /'P1' is an invalid float value
Cannot set gray non-stroke color because /'P2' is an invalid float value
Cannot set gray non-stroke color because /'P1' is an invalid float value
Cannot set gray non-stroke color because /'P2' is an invalid float value
Cannot set gray non-stroke color because /'P1' is an invalid float value
Cannot set gray non-stroke color because /'P2' is an invalid float value
Cannot set gray non-stroke color because /'P1' is an invalid float value
Cannot set gray non-stroke color because /'P2' is an invalid float value
Cannot set gray non-stroke color because /'P1' is an invalid float value
Cannot set gray non-stroke color because /'P2' is an invalid float value
Cannot set gray non-stroke color because /'P1' is an invalid float value
Cannot set gray non-stroke color because /'P2' is an invalid float value
Cannot set gray non-stroke color because /'P1' is an invalid float value
Cannot set gray non-stroke color because /'P2' is an invalid float value
Cannot set gray non-stroke color because /'P1' is an invalid float value
Cannot set gray non-stroke color because /'P2' is an invalid float value
Cannot set gray non-stroke color because /'P1' is an invalid float value
Cannot set gray non-stroke color because /'P2' is an invalid float value
Cannot set gray non-stroke color because /'P1' is an invalid float value
Cannot set gray non-stroke color because /'P2' is an invalid float value
Cannot set gray non-stroke color because /'P1' is an invalid float value
Cannot set gray non-stroke color because /'P2' is an invalid float value
Cannot set gray non-stroke color because /'P1' is an invalid float value
Cannot set gray non-stroke color because /'P2' is an invalid float value
Cannot set gray non-stroke color because /'P1' is an invalid float value
Cannot set gray non-stroke color because /'P2' is an invalid float value
Cannot set gray non-stroke color because /'P1' is an invalid float value
Cannot set gray non-stroke color because /'P2' is an invalid float value
Cannot set gray non-stroke color because /'P1' is an invalid float value
Cannot set gray non-stroke color because /'P2' is an invalid float value
Cannot set gray non-stroke color because /'P1' is an invalid float value
Cannot set gray non-stroke color because /'P2' is an invalid float value
Cannot set gray non-stroke color because /'P1' is an invalid float value
Cannot set gray non-stroke color because /'P2' is an invalid float value
Cannot set gray non-stroke color because /'P1' is an invalid float value
Cannot set gray non-stroke color because /'P2' is an invalid float value
Cannot set gray non-stroke color because /'P1' is an invalid float value
Cannot set gray non-stroke color because /'P2' is an invalid float value
Cannot set gray non-stroke color because /'P1' is an invalid float value
Cannot set gray non-stroke color because /'P2' is an invalid float value
Cannot set gray non-stroke color because /'P1' is an invalid float value
Cannot set gray non-stroke color because /'P2' is an invalid float value
Cannot set gray non-stroke color because /'P1' is an invalid float value
Cannot set gray non-stroke color because /'P2' is an invalid float value
Cannot set gray non-stroke color because /'P1' is an invalid float value
Cannot set gray non-stroke color because /'P2' is an invalid float value
Cannot set gray non-stroke color because /'P1' is an invalid float value
Cannot set gray non-stroke color because /'P2' is an invalid float value
Cannot set gray non-stroke color because /'P1' is an invalid float value
Cannot set gray non-stroke color because /'P2' is an invalid float value
Cannot set gray non-stroke color because /'P1' is an invalid float value
Cannot set gray non-stroke color because /'P2' is an invalid float value
Cannot set gray non-stroke color because /'P1' is an invalid float value
Cannot set gray non-stroke color because /'P2' is an invalid float value
Cannot set gray non-stroke color because /'P1' is an invalid float value
Cannot set gray non-stroke color because /'P2' is an invalid float value
Cannot set gray non-stroke color because /'P1' is an invalid float value
Cannot set gray non-stroke color because /'P2' is an invalid float value
Cannot set gray non-stroke color because /'P1' is an invalid float value
Cannot set gray non-stroke color because /'P2' is an invalid float value
Cannot set gray non-stroke color because /'P1' is an invalid float value
Cannot set gray non-stroke color because /'P2' is an invalid float value
Cannot set gray non-stroke color because /'P1' is an invalid float value
Cannot set gray non-stroke color because /'P2' is an invalid float value
Cannot set gray non-stroke color because /'P1' is an invalid float value
Cannot set gray non-stroke color because /'P2' is an invalid float value
Cannot set gray non-stroke color because /'P1' is an invalid float value
Cannot set gray non-stroke color because /'P2' is an invalid float value
Cannot set gray non-stroke color because /'P1' is an invalid float value
Cannot set gray non-stroke color because /'P2' is an invalid float value
Cannot set gray non-stroke color because /'P1' is an invalid float value
Cannot set gray non-stroke color because /'P2' is an invalid float value
Cannot set gray non-stroke color because /'P1' is an invalid float value
Cannot set gray non-stroke color because /'P2' is an invalid float value
Cannot set gray non-stroke color because /'P1' is an invalid float value
Cannot set gray non-stroke color because /'P2' is an invalid float value
Cannot set gray non-stroke color because /'P1' is an invalid float value
Cannot set gray non-stroke color because /'P2' is an invalid float value
Cannot set gray non-stroke color because /'P1' is an invalid float value
Cannot set gray non-stroke color because /'P2' is an invalid float value
Cannot set gray non-stroke color because /'P1' is an invalid float value
Cannot set gray non-stroke color because /'P2' is an invalid float value
Cannot set gray non-stroke color because /'P1' is an invalid float value
Cannot set gray non-stroke color because /'P2' is an invalid float value
Cannot set gray non-stroke color because /'P1' is an invalid float value
Cannot set gray non-stroke color because /'P2' is an invalid float value
Cannot set gray non-stroke color because /'P1' is an invalid float value
Cannot set gray non-stroke color because /'P2' is an invalid float value
Cannot set gray non-stroke color because /'P1' is an invalid float value
Cannot set gray non-stroke color because /'P2' is an invalid float value
Cannot set gray non-stroke color because /'P1' is an invalid float value
Cannot set gray non-stroke color because /'P2' is an invalid float value
Cannot set gray non-stroke color because /'P1' is an invalid float value
Cannot set gray non-stroke color because /'P2' is an invalid float value
Cannot set gray non-stroke color because /'P1' is an invalid float value
Cannot set gray non-stroke color because /'P2' is an invalid float value
Cannot set gray non-stroke color because /'P1' is an invalid float value
Cannot set gray non-stroke color because /'P2' is an invalid float value
Cannot set gray non-stroke color because /'P1' is an invalid float value
Cannot set gray non-stroke color because /'P2' is an invalid float value
Cannot set gray non-stroke color because /'P1' is an invalid float value
Cannot set gray non-stroke color because /'P2' is an invalid float value
Cannot set gray non-stroke color because /'P1' is an invalid float value
Cannot set gray non-stroke color because /'P2' is an invalid float value
Cannot set gray non-stroke color because /'P1' is an invalid float value
Cannot set gray non-stroke color because /'P2' is an invalid float value
Cannot set gray non-stroke color because /'P1' is an invalid float value
Cannot set gray non-stroke color because /'P2' is an invalid float value
Cannot set gray non-stroke color because /'P1' is an invalid float value
Cannot set gray non-stroke color because /'P2' is an invalid float value
Cannot set gray non-stroke color because /'P1' is an invalid float value
Cannot set gray non-stroke color because /'P2' is an invalid float value
Cannot set gray non-stroke color because /'P1' is an invalid float value
Cannot set gray non-stroke color because /'P2' is an invalid float value
Cannot set gray non-stroke color because /'P1' is an invalid float value
Cannot set gray non-stroke color because /'P2' is an invalid float value
Cannot set gray non-stroke color because /'P1' is an invalid float value
Cannot set gray non-stroke color because /'P2' is an invalid float value
Cannot set gray non-stroke color because /'P1' is an invalid float value
Cannot set gray non-stroke color because /'P2' is an invalid float value
Cannot set gray non-stroke color because /'P1' is an invalid float value
Cannot set gray non-stroke color because /'P2' is an invalid float value
Cannot set gray non-stroke color because /'P1' is an invalid float value
Cannot set gray non-stroke color because /'P2' is an invalid float value
Cannot set gray non-stroke color because /'P1' is an invalid float value
Cannot set gray non-stroke color because /'P2' is an invalid float value
Cannot set gray non-stroke color because /'P1' is an invalid float value
Cannot set gray non-stroke color because /'P2' is an invalid float value
Cannot set gray non-stroke color because /'P1' is an invalid float value
Cannot set gray non-stroke color because /'P2' is an invalid float value
Cannot set gray non-stroke color because /'P1' is an invalid float value
Cannot set gray non-stroke color because /'P2' is an invalid float value
Cannot set gray non-stroke color because /'P1' is an invalid float value
Cannot set gray non-stroke color because /'P2' is an invalid float value
Cannot set gray non-stroke color because /'P1' is an invalid float value
Cannot set gray non-stroke color because /'P2' is an invalid float value
Cannot set gray non-stroke color because /'P1' is an invalid float value
Cannot set gray non-stroke color because /'P2' is an invalid float value
Cannot set gray non-stroke color because /'P1' is an invalid float value
Cannot set gray non-stroke color because /'P2' is an invalid float value
Cannot set gray non-stroke color because /'P1' is an invalid float value
Cannot set gray non-stroke color because /'P2' is an invalid float value
Cannot set gray non-stroke color because /'P1' is an invalid float value
Cannot set gray non-stroke color because /'P2' is an invalid float value
Cannot set gray non-stroke color because /'P1' is an invalid float value
Cannot set gray non-stroke color because /'P2' is an invalid float value
Cannot set gray non-stroke color because /'P1' is an invalid float value
Cannot set gray non-stroke color because /'P2' is an invalid float value
Cannot set gray non-stroke color because /'P1' is an invalid float value
Cannot set gray non-stroke color because /'P2' is an invalid float value
Cannot set gray non-stroke color because /'P1' is an invalid float value
Cannot set gray non-stroke color because /'P2' is an invalid float value
Cannot set gray non-stroke color because /'P1' is an invalid float value
Cannot set gray non-stroke color because /'P2' is an invalid float value
Cannot set gray non-stroke color because /'P1' is an invalid float value
Cannot set gray non-stroke color because /'P2' is an invalid float value
Cannot set gray non-stroke color because /'P1' is an invalid float value
Cannot set gray non-stroke color because /'P2' is an invalid float value
Cannot set gray non-stroke color because /'P1' is an invalid float value
Cannot set gray non-stroke color because /'P2' is an invalid float value
Cannot set gray non-stroke color because /'P1' is an invalid float value
Cannot set gray non-stroke color because /'P2' is an invalid float value
Cannot set gray non-stroke color because /'P1' is an invalid float value
Cannot set gray non-stroke color because /'P2' is an invalid float value
Cannot set gray non-stroke color because /'P1' is an invalid float value
Cannot set gray non-stroke color because /'P2' is an invalid float value
Cannot set gray non-stroke color because /'P1' is an invalid float value
Cannot set gray non-stroke color because /'P2' is an invalid float value
Cannot set gray non-stroke color because /'P1' is an invalid float value
Cannot set gray non-stroke color because /'P2' is an invalid float value
Cannot set gray non-stroke color because /'P1' is an invalid float value
Cannot set gray non-stroke color because /'P2' is an invalid float value
Cannot set gray non-stroke color because /'P1' is an invalid float value
Cannot set gray non-stroke color because /'P2' is an invalid float value
Cannot set gray non-stroke color because /'P1' is an invalid float value
Cannot set gray non-stroke color because /'P2' is an invalid float value
Cannot set gray non-stroke color because /'P1' is an invalid float value
Cannot set gray non-stroke color because /'P2' is an invalid float value
Cannot set gray non-stroke color because /'P1' is an invalid float value
Cannot set gray non-stroke color because /'P2' is an invalid float value
Cannot set gray non-stroke color because /'P1' is an invalid float value
Cannot set gray non-stroke color because /'P2' is an invalid float value
Cannot set gray non-stroke color because /'P1' is an invalid float value
Cannot set gray non-stroke color because /'P2' is an invalid float value
Cannot set gray non-stroke color because /'P1' is an invalid float value
Cannot set gray non-stroke color because /'P2' is an invalid float value
Cannot set gray non-stroke color because /'P1' is an invalid float value
Cannot set gray non-stroke color because /'P2' is an invalid float value
Cannot set gray non-stroke color because /'P1' is an invalid float value
Cannot set gray non-stroke color because /'P2' is an invalid float value
Cannot set gray non-stroke color because /'P1' is an invalid float value
Cannot set gray non-stroke color because /'P2' is an invalid float value
Cannot set gray non-stroke color because /'P1' is an invalid float value
Cannot set gray non-stroke color because /'P2' is an invalid float value
Cannot set gray non-stroke color because /'P1' is an invalid float value
Cannot set gray non-stroke color because /'P2' is an invalid float value
Cannot set gray non-stroke color because /'P1' is an invalid float value
Cannot set gray non-stroke color because /'P2' is an invalid float value
Cannot set gray non-stroke color because /'P1' is an invalid float value
Cannot set gray non-stroke color because /'P2' is an invalid float value
Cannot set gray non-stroke color because /'P1' is an invalid float value
Cannot set gray non-stroke color because /'P2' is an invalid float value
Cannot set gray non-stroke color because /'P1' is an invalid float value
Cannot set gray non-stroke color because /'P2' is an invalid float value
Cannot set gray non-stroke color because /'P1' is an invalid float value
Cannot set gray non-stroke color because /'P2' is an invalid float value
Cannot set gray non-stroke color because /'P1' is an invalid float value
Cannot set gray non-stroke color because /'P2' is an invalid float value
Cannot set gray non-stroke color because /'P1' is an invalid float value
Cannot set gray non-stroke color because /'P2' is an invalid float value
Cannot set gray non-stroke color because /'P1' is an invalid float value
Cannot set gray non-stroke color because /'P2' is an invalid float value
Cannot set gray non-stroke color because /'P1' is an invalid float value
Cannot set gray non-stroke color because /'P2' is an invalid float value
Cannot set gray non-stroke color because /'P1' is an invalid float value
Cannot set gray non-stroke color because /'P2' is an invalid float value
Cannot set gray non-stroke color because /'P117' is an invalid float value
Cannot set gray non-stroke color because /'P119' is an invalid float value
Cannot set gray non-stroke color because /'P120' is an invalid float value
Cannot set gray non-stroke color because /'P121' is an invalid float value
Cannot set gray non-stroke color because /'P122' is an invalid float value
Cannot set gray non-stroke color because /'P123' is an invalid float value
Cannot set gray non-stroke color because /'P124' is an invalid float value
Cannot set gray non-stroke color because /'P125' is an invalid float value
Cannot set gray non-stroke color because /'P127' is an invalid float value
Cannot set gray non-stroke color because /'P128' is an invalid float value
Cannot set gray non-stroke color because /'P129' is an invalid float value
Cannot set gray non-stroke color because /'P130' is an invalid float value
Cannot set gray non-stroke color because /'P131' is an invalid float value
Cannot set gray non-stroke color because /'P132' is an invalid float value
Cannot set gray non-stroke color because /'P133' is an invalid float value
Cannot set gray non-stroke color because /'P134' is an invalid float value
Cannot set gray non-stroke color because /'P135' is an invalid float value
Cannot set gray non-stroke color because /'P136' is an invalid float value
Cannot set gray non-stroke color because /'P157' is an invalid float value
Cannot set gray non-stroke color because /'P158' is an invalid float value
Cannot set gray non-stroke color because /'P159' is an invalid float value
Cannot set gray non-stroke color because /'P160' is an invalid float value
Cannot set gray non-stroke color because /'P161' is an invalid float value
Cannot set gray non-stroke color because /'P162' is an invalid float value
Cannot set gray non-stroke color because /'P163' is an invalid float value
Cannot set gray non-stroke color because /'P164' is an invalid float value
Cannot set gray non-stroke color because /'P165' is an invalid float value
Cannot set gray non-stroke color because /'P166' is an invalid float value
Cannot set gray non-stroke color because /'P167' is an invalid float value
Cannot set gray non-stroke color because /'P168' is an invalid float value
Cannot set gray non-stroke color because /'P169' is an invalid float value
Cannot set gray non-stroke color because /'P170' is an invalid float value
Cannot set gray non-stroke color because /'P171' is an invalid float value
Cannot set gray non-stroke color because /'P172' is an invalid float value
Cannot set gray non-stroke color because /'P173' is an invalid float value
Cannot set gray non-stroke color because /'P174' is an invalid float value
Cannot set gray non-stroke color because /'P184' is an invalid float value
Cannot set gray non-stroke color because /'P185' is an invalid float value
Cannot set gray non-stroke color because /'P186' is an invalid float value
Cannot set gray non-stroke color because /'P187' is an invalid float value
Cannot set gray non-stroke color because /'P188' is an invalid float value
Cannot set gray non-stroke color because /'P189' is an invalid float value
Cannot set gray non-stroke color because /'P190' is an invalid float value
Cannot set gray non-stroke color because /'P191' is an invalid float value
Cannot set gray non-stroke color because /'P192' is an invalid float value
Cannot set gray non-stroke color because /'P193' is an invalid float value
Cannot set gray non-stroke color because /'P194' is an invalid float value
Cannot set gray non-stroke color because /'P195' is an invalid float value
Cannot set gray non-stroke color because /'P196' is an invalid float value
Cannot set gray non-stroke color because /'P197' is an invalid float value
Cannot set gray non-stroke color because /'P198' is an invalid float value
Cannot set gray non-stroke color because /'P199' is an invalid float value
Cannot set gray non-stroke color because /'P200' is an invalid float value
Cannot set gray non-stroke color because /'P201' is an invalid float value
Cannot set gray non-stroke color because /'P212' is an invalid float value
Cannot set gray non-stroke color because /'P213' is an invalid float value
Cannot set gray non-stroke color because /'P214' is an invalid float value
Cannot set gray non-stroke color because /'P215' is an invalid float value
Cannot set gray non-stroke color because /'P216' is an invalid float value
Cannot set gray non-stroke color because /'P217' is an invalid float value
Cannot set gray non-stroke color because /'P218' is an invalid float value
Cannot set gray non-stroke color because /'P219' is an invalid float value
Cannot set gray non-stroke color because /'P220' is an invalid float value
Cannot set gray non-stroke color because /'P221' is an invalid float value
Cannot set gray non-stroke color because /'P222' is an invalid float value
Cannot set gray non-stroke color because /'P223' is an invalid float value
Cannot set gray non-stroke color because /'P224' is an invalid float value
Cannot set gray non-stroke color because /'P225' is an invalid float value
Cannot set gray non-stroke color because /'P226' is an invalid float value
Cannot set gray non-stroke color because /'P227' is an invalid float value
Cannot set gray non-stroke color because /'P228' is an invalid float value
Cannot set gray non-stroke color because /'P229' is an invalid float value
Cannot set gray non-stroke color because /'P240' is an invalid float value
Cannot set gray non-stroke color because /'P241' is an invalid float value
Cannot set gray non-stroke color because /'P242' is an invalid float value
Cannot set gray non-stroke color because /'P243' is an invalid float value
Cannot set gray non-stroke color because /'P244' is an invalid float value
Cannot set gray non-stroke color because /'P245' is an invalid float value
Cannot set gray non-stroke color because /'P246' is an invalid float value
Cannot set gray non-stroke color because /'P247' is an invalid float value
Cannot set gray non-stroke color because /'P248' is an invalid float value
Cannot set gray non-stroke color because /'P249' is an invalid float value
Cannot set gray non-stroke color because /'P250' is an invalid float value
Cannot set gray non-stroke color because /'P251' is an invalid float value
Cannot set gray non-stroke color because /'P252' is an invalid float value
Cannot set gray non-stroke color because /'P253' is an invalid float value
Cannot set gray non-stroke color because /'P254' is an invalid float value
Cannot set gray non-stroke color because /'P255' is an invalid float value
Cannot set gray non-stroke color because /'P256' is an invalid float value
Cannot set gray non-stroke color because /'P257' is an invalid float value
Cannot set gray non-stroke color because /'P270' is an invalid float value
Cannot set gray non-stroke color because /'P271' is an invalid float value
Cannot set gray non-stroke color because /'P272' is an invalid float value
Cannot set gray non-stroke color because /'P273' is an invalid float value
Cannot set gray non-stroke color because /'P274' is an invalid float value
Cannot set gray non-stroke color because /'P275' is an invalid float value
Cannot set gray non-stroke color because /'P276' is an invalid float value
Cannot set gray non-stroke color because /'P277' is an invalid float value
Cannot set gray non-stroke color because /'P278' is an invalid float value
Cannot set gray non-stroke color because /'P279' is an invalid float value
Cannot set gray non-stroke color because /'P280' is an invalid float value
Cannot set gray non-stroke color because /'P281' is an invalid float value
Cannot set gray non-stroke color because /'P282' is an invalid float value
Cannot set gray non-stroke color because /'P283' is an invalid float value
Cannot set gray non-stroke color because /'P284' is an invalid float value
Cannot set gray non-stroke color because /'P285' is an invalid float value
Cannot set gray non-stroke color because /'P286' is an invalid float value
Cannot set gray non-stroke color because /'P287' is an invalid float value
Cannot set gray non-stroke color because /'P297' is an invalid float value
Cannot set gray non-stroke color because /'P298' is an invalid float value
Cannot set gray non-stroke color because /'P299' is an invalid float value
Cannot set gray non-stroke color because /'P300' is an invalid float value
Cannot set gray non-stroke color because /'P301' is an invalid float value
Cannot set gray non-stroke color because /'P302' is an invalid float value
Cannot set gray non-stroke color because /'P303' is an invalid float value
Cannot set gray non-stroke color because /'P304' is an invalid float value
Cannot set gray non-stroke color because /'P305' is an invalid float value
Cannot set gray non-stroke color because /'P306' is an invalid float value
Cannot set gray non-stroke color because /'P307' is an invalid float value
Cannot set gray non-stroke color because /'P308' is an invalid float value
Cannot set gray non-stroke color because /'P309' is an invalid float value
Cannot set gray non-stroke color because /'P310' is an invalid float value
Cannot set gray non-stroke color because /'P311' is an invalid float value
Cannot set gray non-stroke color because /'P312' is an invalid float value
Cannot set gray non-stroke color because /'P313' is an invalid float value
Cannot set gray non-stroke color because /'P314' is an invalid float value
Cannot set gray non-stroke color because /'P6' is an invalid float value
Cannot set gray non-stroke color because /'P40' is an invalid float value
Cannot set gray non-stroke color because /'P48' is an invalid float value
Cannot set gray non-stroke color because /'P56' is an invalid float value
Cannot set gray non-stroke color because /'P64' is an invalid float value
Cannot set gray non-stroke color because /'P72' is an invalid float value
Cannot set gray non-stroke color because /'P80' is an invalid float value
Cannot set gray non-stroke color because /'P88' is an invalid float value
Cannot set gray non-stroke color because /'P96' is an invalid float value
Cannot set gray non-stroke color because /'P104' is an invalid float value
Cannot set gray non-stroke color because /'P112' is an invalid float value
Cannot set gray non-stroke color because /'P120' is an invalid float value
Cannot set gray non-stroke color because /'P128' is an invalid float value
Cannot set gray non-stroke color because /'P136' is an invalid float value
Cannot set gray non-stroke color because /'P147' is an invalid float value
Cannot set gray non-stroke color because /'P155' is an invalid float value
Cannot set gray non-stroke color because /'P157' is an invalid float value
Cannot set gray non-stroke color because /'P0' is an invalid float value
Cannot set gray non-stroke color because /'P1' is an invalid float value
Cannot set gray non-stroke color because /'P0' is an invalid float value
Cannot set gray non-stroke color because /'P1' is an invalid float value
Cannot set gray non-stroke color because /'P0' is an invalid float value
Cannot set gray non-stroke color because /'P1' is an invalid float value
Cannot set gray non-stroke color because /'P0' is an invalid float value
Cannot set gray non-stroke color because /'P1' is an invalid float value
Cannot set gray non-stroke color because /'P2' is an invalid float value
Cannot set gray non-stroke color because /'P3' is an invalid float value
Cannot set gray non-stroke color because /'P2' is an invalid float value
Cannot set gray non-stroke color because /'P3' is an invalid float value
Cannot set gray non-stroke color because /'P2' is an invalid float value
Cannot set gray non-stroke color because /'P3' is an invalid float value
Cannot set gray non-stroke color because /'P2' is an invalid float value
Cannot set gray non-stroke color because /'P3' is an invalid float value
Cannot set gray non-stroke color because /'P0' is an invalid float value
Cannot set gray non-stroke color because /'P1' is an invalid float value
Cannot set gray non-stroke color because /'P2' is an invalid float value
Cannot set gray non-stroke color because /'P3' is an invalid float value
Cannot set gray non-stroke color because /'P0' is an invalid float value
Cannot set gray non-stroke color because /'P1' is an invalid float value
Cannot set gray non-stroke color because /'P2' is an invalid float value
Cannot set gray non-stroke color because /'P3' is an invalid float value
Cannot set gray non-stroke color because /'P0' is an invalid float value
Cannot set gray non-stroke color because /'P1' is an invalid float value
Cannot set gray non-stroke color because /'P2' is an invalid float value
Cannot set gray non-stroke color because /'P3' is an invalid float value
Cannot set gray non-stroke color because /'P0' is an invalid float value
Cannot set gray non-stroke color because /'P1' is an invalid float value
Cannot set gray non-stroke color because /'P2' is an invalid float value
Cannot set gray non-stroke color because /'P3' is an invalid float value
Cannot set gray non-stroke color because /'P0' is an invalid float value
Cannot set gray non-stroke color because /'P1' is an invalid float value
Cannot set gray non-stroke color because /'P0' is an invalid float value
Cannot set gray non-stroke color because /'P1' is an invalid float value
Cannot set gray non-stroke color because /'P0' is an invalid float value
Cannot set gray non-stroke color because /'P1' is an invalid float value
Cannot set gray non-stroke color because /'P0' is an invalid float value
Cannot set gray non-stroke color because /'P1' is an invalid float value
Cannot set gray non-stroke color because /'P0' is an invalid float value
Cannot set gray non-stroke color because /'P1' is an invalid float value
Cannot set gray non-stroke color because /'P0' is an invalid float value
Cannot set gray non-stroke color because /'P1' is an invalid float value
Cannot set gray non-stroke color because /'P0' is an invalid float value
Cannot set gray non-stroke color because /'P1' is an invalid float value
Cannot set gray non-stroke color because /'P0' is an invalid float value
Cannot set gray non-stroke color because /'P1' is an invalid float value
Cannot set gray non-stroke color because /'P2' is an invalid float value
Cannot set gray non-stroke color because /'P3' is an invalid float value
Cannot set gray non-stroke color because /'P2' is an invalid float value
Cannot set gray non-stroke color because /'P3' is an invalid float value
Cannot set gray non-stroke color because /'P2' is an invalid float value
Cannot set gray non-stroke color because /'P3' is an invalid float value
Cannot set gray non-stroke color because /'P2' is an invalid float value
Cannot set gray non-stroke color because /'P3' is an invalid float value
Cannot set gray non-stroke color because /'P2' is an invalid float value
Cannot set gray non-stroke color because /'P3' is an invalid float value
Cannot set gray non-stroke color because /'P2' is an invalid float value
Cannot set gray non-stroke color because /'P3' is an invalid float value
Cannot set gray non-stroke color because /'P0' is an invalid float value
Cannot set gray non-stroke color because /'P1' is an invalid float value
Cannot set gray non-stroke color because /'P0' is an invalid float value
Cannot set gray non-stroke color because /'P1' is an invalid float value
Cannot set gray non-stroke color because /'P0' is an invalid float value
Cannot set gray non-stroke color because /'P1' is an invalid float value
Cannot set gray non-stroke color because /'P0' is an invalid float value
Cannot set gray non-stroke color because /'P1' is an invalid float value
Cannot set gray non-stroke color because /'P0' is an invalid float value
Cannot set gray non-stroke color because /'P1' is an invalid float value
Cannot set gray non-stroke color because /'P2' is an invalid float value
Cannot set gray non-stroke color because /'P3' is an invalid float value
Cannot set gray non-stroke color because /'P2' is an invalid float value
Cannot set gray non-stroke color because /'P3' is an invalid float value
Cannot set gray non-stroke color because /'P2' is an invalid float value
Cannot set gray non-stroke color because /'P3' is an invalid float value
Cannot set gray non-stroke color because /'P2' is an invalid float value
Cannot set gray non-stroke color because /'P3' is an invalid float value
Cannot set gray non-stroke color because /'P2' is an invalid float value
Cannot set gray non-stroke color because /'P3' is an invalid float value
Cannot set gray non-stroke color because /'P2' is an invalid float value
Cannot set gray non-stroke color because /'P3' is an invalid float value
Cannot set gray non-stroke color because /'P0' is an invalid float value
Cannot set gray non-stroke color because /'P1' is an invalid float value
Cannot set gray non-stroke color because /'P0' is an invalid float value
Cannot set gray non-stroke color because /'P1' is an invalid float value
Cannot set gray non-stroke color because /'P0' is an invalid float value
Cannot set gray non-stroke color because /'P1' is an invalid float value
Cannot set gray non-stroke color because /'P0' is an invalid float value
Cannot set gray non-stroke color because /'P1' is an invalid float value
Cannot set gray non-stroke color because /'P0' is an invalid float value
Cannot set gray non-stroke color because /'P1' is an invalid float value
Cannot set gray non-stroke color because /'P2' is an invalid float value
Cannot set gray non-stroke color because /'P3' is an invalid float value
Cannot set gray non-stroke color because /'P2' is an invalid float value
Cannot set gray non-stroke color because /'P3' is an invalid float value
Cannot set gray non-stroke color because /'P2' is an invalid float value
Cannot set gray non-stroke color because /'P3' is an invalid float value
Cannot set gray non-stroke color because /'P2' is an invalid float value
Cannot set gray non-stroke color because /'P3' is an invalid float value
Cannot set gray non-stroke color because /'P2' is an invalid float value
Cannot set gray non-stroke color because /'P3' is an invalid float value
Cannot set gray non-stroke color because /'P2' is an invalid float value
Cannot set gray non-stroke color because /'P3' is an invalid float value
Cannot set gray non-stroke color because /'P0' is an invalid float value
Cannot set gray non-stroke color because /'P1' is an invalid float value
Cannot set gray non-stroke color because /'P0' is an invalid float value
Cannot set gray non-stroke color because /'P1' is an invalid float value
Cannot set gray non-stroke color because /'P0' is an invalid float value
Cannot set gray non-stroke color because /'P1' is an invalid float value
Cannot set gray non-stroke color because /'P0' is an invalid float value
Cannot set gray non-stroke color because /'P1' is an invalid float value
Cannot set gray non-stroke color because /'P0' is an invalid float value
Cannot set gray non-stroke color because /'P1' is an invalid float value
Cannot set gray non-stroke color because /'P2' is an invalid float value
Cannot set gray non-stroke color because /'P3' is an invalid float value
Cannot set gray non-stroke color because /'P2' is an invalid float value
Cannot set gray non-stroke color because /'P3' is an invalid float value
Cannot set gray non-stroke color because /'P2' is an invalid float value
Cannot set gray non-stroke color because /'P3' is an invalid float value
Cannot set gray non-stroke color because /'P2' is an invalid float value
Cannot set gray non-stroke color because /'P3' is an invalid float value
Cannot set gray non-stroke color because /'P2' is an invalid float value
Cannot set gray non-stroke color because /'P3' is an invalid float value
Cannot set gray non-stroke color because /'P2' is an invalid float value
Cannot set gray non-stroke color because /'P3' is an invalid float value
Cannot set gray non-stroke color because /'P0' is an invalid float value
Cannot set gray non-stroke color because /'P1' is an invalid float value
Cannot set gray non-stroke color because /'P0' is an invalid float value
Cannot set gray non-stroke color because /'P1' is an invalid float value
Cannot set gray non-stroke color because /'P0' is an invalid float value
Cannot set gray non-stroke color because /'P1' is an invalid float value
Cannot set gray non-stroke color because /'P0' is an invalid float value
Cannot set gray non-stroke color because /'P1' is an invalid float value
Cannot set gray non-stroke color because /'P0' is an invalid float value
Cannot set gray non-stroke color because /'P1' is an invalid float value
Cannot set gray non-stroke color because /'P2' is an invalid float value
Cannot set gray non-stroke color because /'P3' is an invalid float value
Cannot set gray non-stroke color because /'P2' is an invalid float value
Cannot set gray non-stroke color because /'P3' is an invalid float value
Cannot set gray non-stroke color because /'P2' is an invalid float value
Cannot set gray non-stroke color because /'P3' is an invalid float value
Cannot set gray non-stroke color because /'P2' is an invalid float value
Cannot set gray non-stroke color because /'P3' is an invalid float value
Cannot set gray non-stroke color because /'P2' is an invalid float value
Cannot set gray non-stroke color because /'P3' is an invalid float value
Cannot set gray non-stroke color because /'P2' is an invalid float value
Cannot set gray non-stroke color because /'P3' is an invalid float value
Cannot set gray non-stroke color because /'P0' is an invalid float value
Cannot set gray non-stroke color because /'P1' is an invalid float value
Cannot set gray non-stroke color because /'P0' is an invalid float value
Cannot set gray non-stroke color because /'P1' is an invalid float value
Cannot set gray non-stroke color because /'P0' is an invalid float value
Cannot set gray non-stroke color because /'P1' is an invalid float value
Cannot set gray non-stroke color because /'P0' is an invalid float value
Cannot set gray non-stroke color because /'P1' is an invalid float value
Cannot set gray non-stroke color because /'P0' is an invalid float value
Cannot set gray non-stroke color because /'P1' is an invalid float value
Cannot set gray non-stroke color because /'P2' is an invalid float value
Cannot set gray non-stroke color because /'P3' is an invalid float value
Cannot set gray non-stroke color because /'P2' is an invalid float value
Cannot set gray non-stroke color because /'P3' is an invalid float value
Cannot set gray non-stroke color because /'P2' is an invalid float value
Cannot set gray non-stroke color because /'P3' is an invalid float value
Cannot set gray non-stroke color because /'P2' is an invalid float value
Cannot set gray non-stroke color because /'P3' is an invalid float value
Cannot set gray non-stroke color because /'P2' is an invalid float value
Cannot set gray non-stroke color because /'P3' is an invalid float value
Cannot set gray non-stroke color because /'P2' is an invalid float value
Cannot set gray non-stroke color because /'P3' is an invalid float value
Cannot set gray non-stroke color because /'P0' is an invalid float value
Cannot set gray non-stroke color because /'P1' is an invalid float value
Cannot set gray non-stroke color because /'P0' is an invalid float value
Cannot set gray non-stroke color because /'P1' is an invalid float value
Cannot set gray non-stroke color because /'P0' is an invalid float value
Cannot set gray non-stroke color because /'P1' is an invalid float value
Cannot set gray non-stroke color because /'P0' is an invalid float value
Cannot set gray non-stroke color because /'P1' is an invalid float value
Cannot set gray non-stroke color because /'P0' is an invalid float value
Cannot set gray non-stroke color because /'P1' is an invalid float value
Cannot set gray non-stroke color because /'P2' is an invalid float value
Cannot set gray non-stroke color because /'P3' is an invalid float value
Cannot set gray non-stroke color because /'P2' is an invalid float value
Cannot set gray non-stroke color because /'P3' is an invalid float value
Cannot set gray non-stroke color because /'P2' is an invalid float value
Cannot set gray non-stroke color because /'P3' is an invalid float value
Cannot set gray non-stroke color because /'P2' is an invalid float value
Cannot set gray non-stroke color because /'P3' is an invalid float value
Cannot set gray non-stroke color because /'P2' is an invalid float value
Cannot set gray non-stroke color because /'P3' is an invalid float value
Cannot set gray non-stroke color because /'P2' is an invalid float value
Cannot set gray non-stroke color because /'P3' is an invalid float value
Cannot set gray non-stroke color because /'P0' is an invalid float value
Cannot set gray non-stroke color because /'P1' is an invalid float value
Cannot set gray non-stroke color because /'P0' is an invalid float value
Cannot set gray non-stroke color because /'P1' is an invalid float value
Cannot set gray non-stroke color because /'P0' is an invalid float value
Cannot set gray non-stroke color because /'P1' is an invalid float value
Cannot set gray non-stroke color because /'P0' is an invalid float value
Cannot set gray non-stroke color because /'P1' is an invalid float value
Cannot set gray non-stroke color because /'P0' is an invalid float value
Cannot set gray non-stroke color because /'P1' is an invalid float value
Cannot set gray non-stroke color because /'P2' is an invalid float value
Cannot set gray non-stroke color because /'P3' is an invalid float value
Cannot set gray non-stroke color because /'P2' is an invalid float value
Cannot set gray non-stroke color because /'P3' is an invalid float value
Cannot set gray non-stroke color because /'P2' is an invalid float value
Cannot set gray non-stroke color because /'P3' is an invalid float value
Cannot set gray non-stroke color because /'P2' is an invalid float value
Cannot set gray non-stroke color because /'P3' is an invalid float value
Cannot set gray non-stroke color because /'P2' is an invalid float value
Cannot set gray non-stroke color because /'P3' is an invalid float value
Cannot set gray non-stroke color because /'P2' is an invalid float value
Cannot set gray non-stroke color because /'P3' is an invalid float value
Cannot set gray non-stroke color because /'P0' is an invalid float value
Cannot set gray non-stroke color because /'P1' is an invalid float value
Cannot set gray non-stroke color because /'P0' is an invalid float value
Cannot set gray non-stroke color because /'P1' is an invalid float value
Cannot set gray non-stroke color because /'P0' is an invalid float value
Cannot set gray non-stroke color because /'P1' is an invalid float value
Cannot set gray non-stroke color because /'P0' is an invalid float value
Cannot set gray non-stroke color because /'P1' is an invalid float value
Cannot set gray non-stroke color because /'P0' is an invalid float value
Cannot set gray non-stroke color because /'P1' is an invalid float value
Cannot set gray non-stroke color because /'P2' is an invalid float value
Cannot set gray non-stroke color because /'P3' is an invalid float value
Cannot set gray non-stroke color because /'P2' is an invalid float value
Cannot set gray non-stroke color because /'P3' is an invalid float value
Cannot set gray non-stroke color because /'P2' is an invalid float value
Cannot set gray non-stroke color because /'P3' is an invalid float value
Cannot set gray non-stroke color because /'P2' is an invalid float value
Cannot set gray non-stroke color because /'P3' is an invalid float value
Cannot set gray non-stroke color because /'P2' is an invalid float value
Cannot set gray non-stroke color because /'P3' is an invalid float value
Cannot set gray non-stroke color because /'P2' is an invalid float value
Cannot set gray non-stroke color because /'P3' is an invalid float value
Cannot set gray non-stroke color because /'P0' is an invalid float value
Cannot set gray non-stroke color because /'P1' is an invalid float value
Cannot set gray non-stroke color because /'P0' is an invalid float value
Cannot set gray non-stroke color because /'P1' is an invalid float value
Cannot set gray non-stroke color because /'P0' is an invalid float value
Cannot set gray non-stroke color because /'P1' is an invalid float value
Cannot set gray non-stroke color because /'P0' is an invalid float value
Cannot set gray non-stroke color because /'P1' is an invalid float value
Cannot set gray non-stroke color because /'P0' is an invalid float value
Cannot set gray non-stroke color because /'P1' is an invalid float value
Cannot set gray non-stroke color because /'P2' is an invalid float value
Cannot set gray non-stroke color because /'P3' is an invalid float value
Cannot set gray non-stroke color because /'P2' is an invalid float value
Cannot set gray non-stroke color because /'P3' is an invalid float value
Cannot set gray non-stroke color because /'P2' is an invalid float value
Cannot set gray non-stroke color because /'P3' is an invalid float value
Cannot set gray non-stroke color because /'P2' is an invalid float value
Cannot set gray non-stroke color because /'P3' is an invalid float value
Cannot set gray non-stroke color because /'P2' is an invalid float value
Cannot set gray non-stroke color because /'P3' is an invalid float value
Cannot set gray non-stroke color because /'P2' is an invalid float value
Cannot set gray non-stroke color because /'P3' is an invalid float value
Cannot set gray non-stroke color because /'P0' is an invalid float value
Cannot set gray non-stroke color because /'P1' is an invalid float value
Cannot set gray non-stroke color because /'P0' is an invalid float value
Cannot set gray non-stroke color because /'P1' is an invalid float value
Cannot set gray non-stroke color because /'P0' is an invalid float value
Cannot set gray non-stroke color because /'P1' is an invalid float value
